The files belonging to this database system will be owned by user "postgres".
This user must also own the server process.

The database cluster will be initialized with locale "en_US.utf8".
The default database encoding has accordingly been set to "UTF8".
The default text search configuration will be set to "english".

Data page checksums are disabled.

fixing permissions on existing directory /var/lib/postgresql/data ... ok
creating subdirectories ... ok
selecting dynamic shared memory implementation ... posix
selecting default max_connections ... 100
selecting default shared_buffers ... 128MB
selecting default time zone ... Etc/UTC
creating configuration files ... ok
running bootstrap script ... ok
performing post-bootstrap initialization ... ok
syncing data to disk ... ok

initdb: warning: enabling "trust" authentication for local connections
initdb: hint: You can change this by editing pg_hba.conf or using the option -A, or --auth-local and --auth-host, the next time you run initdb.

Success. You can now start the database server using:

    pg_ctl -D /var/lib/postgresql/data -l logfile start

waiting for server to start....2025-06-04 12:27:44.950 UTC [48] LOG:  starting PostgreSQL 15.13 (Debian 15.13-1.pgdg120+1) on aarch64-unknown-linux-gnu, compiled by gcc (Debian 12.2.0-14) 12.2.0, 64-bit
2025-06-04 12:27:44.953 UTC [48] LOG:  listening on Unix socket "/var/run/postgresql/.s.PGSQL.5432"
2025-06-04 12:27:44.957 UTC [51] LOG:  database system was shut down at 2025-06-04 12:27:44 UTC
2025-06-04 12:27:44.959 UTC [48] LOG:  database system is ready to accept connections
 done
server started
CREATE DATABASE


/usr/local/bin/docker-entrypoint.sh: ignoring /docker-entrypoint-initdb.d/*

waiting for server to shut down....2025-06-04 12:27:45.082 UTC [48] LOG:  received fast shutdown request
2025-06-04 12:27:45.082 UTC [48] LOG:  aborting any active transactions
2025-06-04 12:27:45.083 UTC [48] LOG:  background worker "logical replication launcher" (PID 54) exited with exit code 1
2025-06-04 12:27:45.083 UTC [49] LOG:  shutting down
2025-06-04 12:27:45.084 UTC [49] LOG:  checkpoint starting: shutdown immediate
2025-06-04 12:27:45.107 UTC [49] LOG:  checkpoint complete: wrote 918 buffers (5.6%); 0 WAL file(s) added, 0 removed, 0 recycled; write=0.005 s, sync=0.016 s, total=0.024 s; sync files=301, longest=0.007 s, average=0.001 s; distance=4222 kB, estimate=4222 kB
2025-06-04 12:27:45.109 UTC [48] LOG:  database system is shut down
 done
server stopped

PostgreSQL init process complete; ready for start up.

2025-06-04 12:27:45.195 UTC [1] LOG:  starting PostgreSQL 15.13 (Debian 15.13-1.pgdg120+1) on aarch64-unknown-linux-gnu, compiled by gcc (Debian 12.2.0-14) 12.2.0, 64-bit
2025-06-04 12:27:45.225 UTC [1] LOG:  listening on IPv4 address "0.0.0.0", port 5432
2025-06-04 12:27:45.225 UTC [1] LOG:  listening on IPv6 address "::", port 5432
2025-06-04 12:27:45.226 UTC [1] LOG:  listening on Unix socket "/var/run/postgresql/.s.PGSQL.5432"
2025-06-04 12:27:45.228 UTC [64] LOG:  database system was shut down at 2025-06-04 12:27:45 UTC
2025-06-04 12:27:45.230 UTC [1] LOG:  database system is ready to accept connections
2025-06-04 12:32:45.311 UTC [62] LOG:  checkpoint starting: time
2025-06-04 12:32:49.582 UTC [62] LOG:  checkpoint complete: wrote 44 buffers (0.3%); 0 WAL file(s) added, 0 removed, 0 recycled; write=4.262 s, sync=0.005 s, total=4.272 s; sync files=12, longest=0.004 s, average=0.001 s; distance=252 kB, estimate=252 kB
